{"message":{"errors":[{"value":"w3","msg":"Invalid value","param":"name","location":"body"}]},"level":"info","timestamp":"2020-10-04T19:07:11.973Z"}
{"message":{"errors":[{"msg":"Invalid value","param":"name","location":"body"},{"msg":"Invalid value","param":"description","location":"body"},{"msg":"Invalid value","param":"count","location":"body"}]},"level":"info","timestamp":"2020-10-04T19:40:19.839Z"}
{"message":{"errors":[{"msg":"Invalid value","param":"name","location":"body"},{"msg":"Invalid value","param":"description","location":"body"},{"msg":"Invalid value","param":"count","location":"body"}]},"level":"info","timestamp":"2020-10-04T19:50:13.573Z"}
{"message":{"errors":[{"msg":"Invalid value","param":"name","location":"body"},{"msg":"Invalid value","param":"description","location":"body"},{"msg":"Invalid value","param":"count","location":"body"}]},"level":"info","timestamp":"2020-10-04T19:50:36.205Z"}
{"message":{"errors":[{"msg":"Invalid value","param":"name","location":"body"},{"msg":"Invalid value","param":"description","location":"body"},{"msg":"Invalid value","param":"count","location":"body"}]},"level":"info","timestamp":"2020-10-04T19:52:07.861Z"}
{"message":{"errors":[{"msg":"Invalid value","param":"name","location":"body"},{"msg":"Invalid value","param":"description","location":"body"},{"msg":"Invalid value","param":"count","location":"body"}]},"level":"info","timestamp":"2020-10-04T19:52:25.864Z"}
{"message":{"errors":[{"msg":"Invalid value","param":"name","location":"body"},{"msg":"Invalid value","param":"description","location":"body"},{"msg":"Invalid value","param":"count","location":"body"}]},"level":"info","timestamp":"2020-10-04T19:52:38.191Z"}
{"message":{"errors":[{"msg":"Invalid value","param":"name","location":"body"},{"msg":"Invalid value","param":"description","location":"body"},{"msg":"Invalid value","param":"count","location":"body"}]},"level":"info","timestamp":"2020-10-04T19:53:11.912Z"}
{"message":{"errors":[{"msg":"Invalid value","param":"name","location":"body"},{"msg":"Invalid value","param":"description","location":"body"},{"msg":"Invalid value","param":"count","location":"body"}]},"level":"info","timestamp":"2020-10-04T19:53:33.756Z"}
{"message":{"errors":[{"msg":"Invalid value","param":"name","location":"body"},{"msg":"Invalid value","param":"description","location":"body"},{"msg":"Invalid value","param":"count","location":"body"}]},"level":"info","timestamp":"2020-10-04T19:54:24.496Z"}
{"message":{"errors":[{"msg":"Invalid value","param":"name","location":"body"},{"msg":"Invalid value","param":"description","location":"body"},{"msg":"Invalid value","param":"count","location":"body"}]},"level":"info","timestamp":"2020-10-04T19:54:42.458Z"}
{"message":{"errors":[{"msg":"Invalid value","param":"name","location":"body"},{"msg":"Invalid value","param":"description","location":"body"},{"msg":"Invalid value","param":"count","location":"body"}]},"level":"info","timestamp":"2020-10-04T19:55:07.811Z"}
{"message":{"errors":[{"msg":"Invalid value","param":"name","location":"body"},{"msg":"Invalid value","param":"description","location":"body"},{"msg":"Invalid value","param":"count","location":"body"}]},"level":"info","timestamp":"2020-10-04T20:02:04.819Z"}
{"message":{"errors":[{"value":null,"msg":"Invalid value","param":"count","location":"body"}]},"level":"info","timestamp":"2020-10-04T20:02:15.665Z"}
{"message":{"errors":[{"value":-90,"msg":"Invalid value","param":"count","location":"body"}]},"level":"info","timestamp":"2020-10-04T20:02:31.695Z"}
{"message":{"errors":[{"msg":"Invalid value","param":"name","location":"body"},{"msg":"Invalid value","param":"description","location":"body"},{"msg":"Invalid value","param":"count","location":"body"}]},"level":"info","timestamp":"2020-10-04T20:05:19.103Z"}
{"message":{"errors":[{"msg":"Invalid value","param":"name","location":"body"},{"msg":"Invalid value","param":"description","location":"body"},{"msg":"Invalid value","param":"count","location":"body"}]},"level":"info","timestamp":"2020-10-04T20:23:12.773Z"}
{"message":{"errors":[{"msg":"Invalid value","param":"name","location":"body"},{"msg":"Invalid value","param":"description","location":"body"},{"msg":"Invalid value","param":"count","location":"body"}]},"level":"info","timestamp":"2020-10-04T20:23:43.224Z"}
{"message":{"errors":[{"value":-9,"msg":"Invalid value","param":"count","location":"body"}]},"level":"info","timestamp":"2020-10-04T20:27:27.976Z"}
{"message":{"errors":[{"value":12.5,"msg":"Invalid value","param":"withdraw","location":"body"}]},"level":"info","timestamp":"2020-10-04T20:35:21.309Z"}
{"message":{"errors":[{"value":1.3,"msg":"Invalid value","param":"withdraw","location":"body"}]},"level":"info","timestamp":"2020-10-04T20:36:01.760Z"}
{"message":{"errors":[{"value":1.5,"msg":"Invalid value","param":"withdraw","location":"body"}]},"level":"info","timestamp":"2020-10-04T20:36:16.905Z"}
{"message":{"errors":[]},"level":"info","timestamp":"2020-10-04T20:40:43.703Z"}
{"message":{"errors":[]},"level":"info","timestamp":"2020-10-04T20:40:47.358Z"}
{"message":{"errors":[{"value":-5,"msg":"Invalid value","param":"withdraw","location":"body"}]},"level":"info","timestamp":"2020-10-04T20:42:29.746Z"}
{"message":{"errors":[{"value":-4,"msg":"Invalid value","param":"withdraw","location":"body"}]},"level":"info","timestamp":"2020-10-04T20:43:33.982Z"}
{"message":{"errors":[{"value":-444,"msg":"Invalid value","param":"withdraw","location":"body"}]},"level":"info","timestamp":"2020-10-04T20:55:28.936Z"}
{"message":{"errors":[{"value":-9,"msg":"Invalid value","param":"count","location":"body"}]},"level":"info","timestamp":"2020-10-04T20:57:25.198Z"}
{"message":{"errors":[{"value":-10,"msg":"Invalid value","param":"count","location":"body"}]},"level":"info","timestamp":"2020-10-04T21:05:25.039Z"}
{"message":{"errors":[{"msg":"Invalid value","param":"name","location":"body"},{"msg":"Invalid value","param":"description","location":"body"},{"msg":"Invalid value","param":"count","location":"body"}]},"level":"info","timestamp":"2020-10-04T21:06:54.609Z"}
{"message":{"errors":[{"msg":"Invalid value","param":"name","location":"body"},{"msg":"Invalid value","param":"description","location":"body"},{"msg":"Invalid value","param":"count","location":"body"}]},"level":"info","timestamp":"2020-10-07T11:10:51.149Z"}
{"message":{"errors":[{"msg":"Invalid value","param":"name","location":"body"},{"msg":"Invalid value","param":"description","location":"body"},{"msg":"Invalid value","param":"count","location":"body"}]},"level":"info","timestamp":"2020-10-07T11:11:21.834Z"}
{"message":{"errors":[{"msg":"Invalid value","param":"name","location":"body"},{"msg":"Invalid value","param":"description","location":"body"},{"msg":"Invalid value","param":"count","location":"body"}]},"level":"info","timestamp":"2020-10-07T11:16:36.714Z"}
{"message":{"errors":[{"msg":"Invalid value","param":"name","location":"body"},{"msg":"Invalid value","param":"description","location":"body"},{"msg":"Invalid value","param":"count","location":"body"}]},"level":"info","timestamp":"2020-10-07T11:16:43.690Z"}
{"message":{"errors":[{"value":"","msg":"Invalid value","param":"name","location":"body"},{"value":"","msg":"Invalid value","param":"description","location":"body"},{"value":null,"msg":"Invalid value","param":"count","location":"body"}]},"level":"info","timestamp":"2020-10-07T11:19:02.253Z"}
{"message":{"errors":[{"value":null,"msg":"Invalid value","param":"count","location":"body"}]},"level":"info","timestamp":"2020-10-07T11:39:16.484Z"}
{"message":{"errors":[{"value":-55,"msg":"Invalid value","param":"withdraw","location":"body"}]},"level":"info","timestamp":"2020-10-07T11:41:36.615Z"}
{"message":{"errors":[{"value":null,"msg":"Invalid value","param":"withdraw","location":"body"}]},"level":"info","timestamp":"2020-10-12T10:35:37.842Z"}
